2020-05-21 20:49:22.657  INFO 10964 --- [restartedMain] com.java.community.CommunityApplication  : Starting CommunityApplication on OH with PID 10964 (started by yk in D:\IntelliJ IDEA 2017.2.5 x64\javacode\community)
2020-05-21 20:49:22.664  INFO 10964 --- [restartedMain] com.java.community.CommunityApplication  : No active profile set, falling back to default profiles: default
2020-05-21 20:49:22.973  INFO 10964 --- [restartedMain] .e.DevToolsPropertyDefaultsPostProcessor : Devtools property defaults active! Set 'spring.devtools.add-properties' to 'false' to disable
2020-05-21 20:49:22.974  INFO 10964 --- [restartedMain] .e.DevToolsPropertyDefaultsPostProcessor : For additional web related logging consider setting the 'logging.level.web' property to 'DEBUG'
2020-05-21 20:49:26.048  INFO 10964 --- [restartedMain] o.s.b.w.embedded.tomcat.TomcatWebServer  : Tomcat initialized with port(s): 8888 (http)
2020-05-21 20:49:26.104  INFO 10964 --- [restartedMain] o.apache.catalina.core.StandardService   : Starting service [Tomcat]
2020-05-21 20:49:26.104  INFO 10964 --- [restartedMain] org.apache.catalina.core.StandardEngine  : Starting Servlet engine: [Apache Tomcat/9.0.17]
2020-05-21 20:49:26.305  INFO 10964 --- [restartedMain] o.a.c.c.C.[Tomcat].[localhost].[/]       : Initializing Spring embedded WebApplicationContext
2020-05-21 20:49:26.306  INFO 10964 --- [restartedMain] o.s.web.context.ContextLoader            : Root WebApplicationContext: initialization completed in 3331 ms
2020-05-21 20:49:28.589  INFO 10964 --- [restartedMain] o.s.s.concurrent.ThreadPoolTaskExecutor  : Initializing ExecutorService 'applicationTaskExecutor'
2020-05-21 20:49:28.894  INFO 10964 --- [restartedMain] o.s.b.a.w.s.WelcomePageHandlerMapping    : Adding welcome page template: index
2020-05-21 20:49:29.106  INFO 10964 --- [restartedMain] o.s.s.c.ThreadPoolTaskScheduler          : Initializing ExecutorService 'taskScheduler'
2020-05-21 20:49:29.327  INFO 10964 --- [restartedMain] o.s.b.d.a.OptionalLiveReloadServer       : LiveReload server is running on port 35729
2020-05-21 20:49:29.446  INFO 10964 --- [restartedMain] o.s.b.w.embedded.tomcat.TomcatWebServer  : Tomcat started on port(s): 8888 (http) with context path ''
2020-05-21 20:49:29.452  INFO 10964 --- [restartedMain] com.java.community.CommunityApplication  : Started CommunityApplication in 8.063 seconds (JVM running for 10.039)
2020-05-21 20:49:30.018  INFO 10964 --- [scheduling-1] com.zaxxer.hikari.HikariDataSource       : HikariPool-1 - Starting...
2020-05-21 20:49:30.392  INFO 10964 --- [scheduling-1] com.zaxxer.hikari.HikariDataSource       : HikariPool-1 - Start completed.
2020-05-21 20:49:31.346 DEBUG 10964 --- [scheduling-1] c.j.c.m.QuestionMapper.selectByExample   : ==>  Preparing: select id, title, gmt_create, gmt_modified, creator, comment_count, view_count, like_count, tag , description from question 
2020-05-21 20:49:31.381 DEBUG 10964 --- [scheduling-1] c.j.c.m.QuestionMapper.selectByExample   : ==> Parameters: 
2020-05-21 20:49:31.417 DEBUG 10964 --- [scheduling-1] c.j.c.m.QuestionMapper.selectByExample   : <==      Total: 17
2020-05-21 20:49:31.420 DEBUG 10964 --- [scheduling-1] c.j.c.m.UserMapper.selectByPrimaryKey    : ==>  Preparing: select id, account_id, name, token, gmt_create, gmt_modified, avatar_url from user where id = ? 
2020-05-21 20:49:31.421 DEBUG 10964 --- [scheduling-1] c.j.c.m.UserMapper.selectByPrimaryKey    : ==> Parameters: 7(Long)
2020-05-21 20:49:31.423 DEBUG 10964 --- [scheduling-1] c.j.c.m.UserMapper.selectByPrimaryKey    : <==      Total: 1
2020-05-21 20:49:31.429 DEBUG 10964 --- [scheduling-1] c.j.c.m.UserMapper.selectByPrimaryKey    : ==>  Preparing: select id, account_id, name, token, gmt_create, gmt_modified, avatar_url from user where id = ? 
2020-05-21 20:49:31.430 DEBUG 10964 --- [scheduling-1] c.j.c.m.UserMapper.selectByPrimaryKey    : ==> Parameters: 10(Long)
2020-05-21 20:49:31.432 DEBUG 10964 --- [scheduling-1] c.j.c.m.UserMapper.selectByPrimaryKey    : <==      Total: 1
2020-05-21 20:50:00.562 DEBUG 10964 --- [scheduling-1] c.j.c.m.QuestionMapper.selectByExample   : ==>  Preparing: select id, title, gmt_create, gmt_modified, creator, comment_count, view_count, like_count, tag , description from question 
2020-05-21 20:50:00.562 DEBUG 10964 --- [scheduling-1] c.j.c.m.QuestionMapper.selectByExample   : ==> Parameters: 
2020-05-21 20:50:00.570 DEBUG 10964 --- [scheduling-1] c.j.c.m.QuestionMapper.selectByExample   : <==      Total: 17
2020-05-21 20:50:00.571 DEBUG 10964 --- [scheduling-1] c.j.c.m.UserMapper.selectByPrimaryKey    : ==>  Preparing: select id, account_id, name, token, gmt_create, gmt_modified, avatar_url from user where id = ? 
2020-05-21 20:50:00.572 DEBUG 10964 --- [scheduling-1] c.j.c.m.UserMapper.selectByPrimaryKey    : ==> Parameters: 7(Long)
2020-05-21 20:50:00.574 DEBUG 10964 --- [scheduling-1] c.j.c.m.UserMapper.selectByPrimaryKey    : <==      Total: 1
2020-05-21 20:50:00.575 DEBUG 10964 --- [scheduling-1] c.j.c.m.UserMapper.selectByPrimaryKey    : ==>  Preparing: select id, account_id, name, token, gmt_create, gmt_modified, avatar_url from user where id = ? 
2020-05-21 20:50:00.575 DEBUG 10964 --- [scheduling-1] c.j.c.m.UserMapper.selectByPrimaryKey    : ==> Parameters: 10(Long)
2020-05-21 20:50:00.577 DEBUG 10964 --- [scheduling-1] c.j.c.m.UserMapper.selectByPrimaryKey    : <==      Total: 1
2020-05-21 20:50:30.579 DEBUG 10964 --- [scheduling-1] c.j.c.m.QuestionMapper.selectByExample   : ==>  Preparing: select id, title, gmt_create, gmt_modified, creator, comment_count, view_count, like_count, tag , description from question 
2020-05-21 20:50:30.580 DEBUG 10964 --- [scheduling-1] c.j.c.m.QuestionMapper.selectByExample   : ==> Parameters: 
2020-05-21 20:50:30.588 DEBUG 10964 --- [scheduling-1] c.j.c.m.QuestionMapper.selectByExample   : <==      Total: 17
2020-05-21 20:50:30.589 DEBUG 10964 --- [scheduling-1] c.j.c.m.UserMapper.selectByPrimaryKey    : ==>  Preparing: select id, account_id, name, token, gmt_create, gmt_modified, avatar_url from user where id = ? 
2020-05-21 20:50:30.589 DEBUG 10964 --- [scheduling-1] c.j.c.m.UserMapper.selectByPrimaryKey    : ==> Parameters: 7(Long)
2020-05-21 20:50:30.592 DEBUG 10964 --- [scheduling-1] c.j.c.m.UserMapper.selectByPrimaryKey    : <==      Total: 1
2020-05-21 20:50:30.593 DEBUG 10964 --- [scheduling-1] c.j.c.m.UserMapper.selectByPrimaryKey    : ==>  Preparing: select id, account_id, name, token, gmt_create, gmt_modified, avatar_url from user where id = ? 
2020-05-21 20:50:30.593 DEBUG 10964 --- [scheduling-1] c.j.c.m.UserMapper.selectByPrimaryKey    : ==> Parameters: 10(Long)
2020-05-21 20:50:30.595 DEBUG 10964 --- [scheduling-1] c.j.c.m.UserMapper.selectByPrimaryKey    : <==      Total: 1
